<?xml version="1.0" encoding="UTF-8"?>
<testng-results skipped="0" failed="0" ignored="0" total="1" passed="1">
  <reporter-output>
  </reporter-output>
  <suite name="Smoke" duration-ms="70662" started-at="2019-03-18T10:18:19Z" finished-at="2019-03-18T10:19:30Z">
    <groups>
    </groups>
    <test name="CheckVM" duration-ms="70662" started-at="2019-03-18T10:18:19Z" finished-at="2019-03-18T10:19:30Z">
      <class name="com.epam.home.test.CheckVMClassTest">
        <test-method status="PASS" signature="setUp()[pri:0, instance:com.epam.home.test.CheckVMClassTest@2d554825]" name="setUp" is-config="true" duration-ms="6048" started-at="2019-03-18T10:18:20Z" finished-at="2019-03-18T10:18:26Z">
          <reporter-output>
          </reporter-output>
        </test-method> <!-- setUp -->
        <test-method status="PASS" signature="checkVMClassText()[pri:0, instance:com.epam.home.test.CheckVMClassTest@2d554825]" name="checkVMClassText" duration-ms="64594" started-at="2019-03-18T10:18:26Z" finished-at="2019-03-18T10:19:30Z">
          <reporter-output>
          </reporter-output>
        </test-method> <!-- checkVMClassText -->
      </class> <!-- com.epam.home.test.CheckVMClassTest -->
    </test> <!-- CheckVM -->
  </suite> <!-- Smoke -->
</testng-results>
